ex
exzodiacal
exlex
exla
exsanguious
exsanguination
exsanguinating
exsanguinate
exsanguinated
exsanguine
exsanguineous
exsanguinous
exsanguinity
exscissor
exscind
exscinded
exscinds
exscinding
exscribe
exscript
exscriptural
exscutellate
exsculp
exsculptate
exspuition
exsputory
exspoliation
exsiliency
exsiccator
exsiccate
exsiccated
exsiccation
exsiccating
exsiccative
exsiccatae
exsiccant
exsibilation
exsibilate
exsomatic
exsolving
exsolve
exsolved
exsolution
exsheath
exship
exsequatur
exsec
exsect
exsected
exsectile
exsection
exsecting
exsector
exsects
exsecant
exsecants
exsert
exserted
exserts
exsertile
exsertion
exserting
exsudate
exsufflicate
exsufflation
exsufflate
exsuperance
exsuperate
exsuscitate
exsurge
exsurgent
exsuction
exsuccous
exstrophy
exstruct
exstimulate
exstill
exstipulate
exstemporaneous
exstemporal
exdie
exdividend
exdelicto
exanguin
exanthine
exanthem
exanthema
exanthemas
exanthematic
exanthematous
exanthemata
exanthems
exanthalose
exantlation
exantlate
exanimate
exanimation
exannulate
exasper
exasperating
exasperatingly
exasperative
exasperation
exasperate
exasperates
exasperater
exasperated
exasperatedly
exaspidean
exagitate
exagitation
exaggerate
exaggerates
exaggerated
exaggeratedness
exaggeratedly
exaggeration
exaggerations
exaggerating
exaggeratingly
exaggerative
exaggeratively
exaggerativeness
exaggerator
exaggerators
exaggeratory
exareolate
exarch
exarchies
exarchic
exarchist
exarchs
exarchate
exarchateship
exarchal
exarchy
exarate
exaration
exarteritis
exarticulate
exarticulation
exarillate
exaristate
exalbuminous
exalbuminose
exalt
exaltment
exalting
exalte
exaltee
exalter
exalters
exalted
exaltedly
exaltedness
exaltate
exaltative
exaltation
exaltations
exalts
exallotriote
exalate
exairesis
exadverso
exadversum
exappendiculate
exaestuate
exacum
exacuate
exacinate
exact
exactor
exactors
exactive
exactiveness
exaction
exactions
exacting
exactingness
exactingly
exactitude
exactus
exacts
exactness
exactly
exactress
exactest
exacted
exacter
exacters
exacta
exactas
exactable
exactment
exacervation
exacerbescence
exacerbescent
exacerbation
exacerbations
exacerbating
exacerbatingly
exacerbate
exacerbates
exacerbated
exam
exameter
examen
examens
examining
examiningly
examine
examiner
examiners
examinership
examinee
examinees
examined
examines
examinate
examinator
examinatory
examinatorial
examinative
examination
examinational
examinations
examinationist
examinationism
examinant
examinability
examinable
exams
exampling
example
exampleless
examples
exampless
exampleship
exampled
examplar
exaun
exauctorate
exaudi
exauthorize
exauthorizeexc
exauthorate
exauguration
exaugurate
ext
extreat
extrema
extremal
extremity
extremital
extremities
extremis
extremist
extremistic
extremists
extremism
extreme
extremeless
extremely
extremes
extremest
extremeness
extremer
extremum
extremuma
extra
extrait
extravaginal
extravagence
extravagancy
extravagance
extravagances
extravagancies
extravaganza
extravaganzas
extravagant
extravagantly
extravagantes
extravagantness
extravagate
extravagated
extravagation
extravagating
extravasate
extravasated
extravasation
extravasating
extravascular
extravisceral
extraviolet
extravillar
extravehicular
extraventricular
extravenate
extraversion
extraversive
extraversively
extravert
extraverted
extravertive
extravertively
extravertish
extrahazardous
extrahepatic
extragastric
extragalactic
extrafascicular
extrafine
extraformal
extraforaneous
extrafoliaceous
extrafocal
extrafloral
extrados
extradosed
extradoses
extradomestic
extradotal
extradural
extraduction
extradecretal
extradialectal
extraditable
extradite
extradites
extradited
extradition
extraditions
extraditing
extradict
extradictable
extradicted
extradictionary
extradicting
extraessential
extraessentially
extraenteric
extraembryonic
extraembryonal
extraequilibrium
extraepiphyseal
extrazodiacal
extrarenal
extraretinal
extraregarding
extraregular
extraregularly
extrared
extrarhythmical
extrapleural
extraplacental
extraplanetary
extraposition
extrapopular
extrapolar
extrapolate
extrapolated
extrapolates
extrapolative
extrapolation
extrapolations
extrapolating
extrapolator
extrapolatory
extrapoetical
extraphysical
extraphysiological
extraphenomenal
extrapatriarchal
extraparietal
extraparochial
extraparochially
extraparliamentary
extraparental
extraparenchymal
extraprostatic
extraprofessional
extraprovincial
extrapyramidal
extrapunitive
extrapulmonary
extrapituitary
extraperitoneal
extraperiodic
extraperiosteal
extraperineal
extrapelvic
extrauterine
extraught
extraorganismal
extraordinariness
extraordinarily
extraordinaries
extraordinary
extraorbital
extraorbitally
extraoral
extraocular
extraofficial
extraovate
extraovular
extralinguistic
extralinguistically
extralimital
extraliminal
extralite
extrality
extralateral
extralegal
extralegally
extranidal
extranuclear
extranormal
extraneous
extraneousness
extraneously
extranean
extraneity
extranational
extranatural
extramission
extramarginal
extramarital
extramatrical
extramusical
extramundane
extramural
extramurally
extramoral
extramoralist
extramorainic
extramorainal
extramolecular
extramodal
extrameridian
extrameridional
extramedullary
extramental
extrametaphysical
extrametrical
extrametropolitan
extratracheal
extratribal
extratropical
extratheistic
extrathermodynamic
extrathecal
extrathoracic
extratelluric
extratellurian
extratensive
extratension
extraterritorial
extraterritoriality
extraterritorially
extraterritorials
extraterrestrial
extraterrestrially
extraterrestrials
extraterrene
extratemporal
extratarsal
extratabular
extratorrid
extratympanic
extratubal
extrajudicial
extrajudicially
extrabulbar
extraburghal
extrabureau
extrabuccal
extrabold
extraboldface
extrabranchial
extrabronchial
extras
extrasyllogistic
extrasyllabic
extrasystolic
extrasystole
extrasyphilitic
extraserous
extrasensuous
extrasensorial
extrasensory
extrasensible
extrasocial
extrasomatic
extrasolar
extraspherical
extraspinal
extraspectral
extrascriptural
extrascripturality
extrascientific
extraschool
extrascholastic
extrasacerdotal
extrasterile
extrastapedial
extrastate
extrastomachal
extraquiz
extracurial
extracurricular
extracurriculum
extracultural
extracutaneous
extract
extractor
extractors
extractorship
extracts
extractant
extractable
extractability
extracted
extractible
extractibility
extracting
extractiform
extractive
extractively
extraction
extractions
extracloacal
extraclassroom
extraclaustral
extracivic
extracivically
extracapsular
extracalicular
extracalendar
extracathedral
extracardial
extracarpal
extracanonical
extracostal
extracosmic
extracosmical
extracorporeal
extracorporeally
extracorpuscular
extraconscious
extraconstellated
extraconstitutional
extracondensed
extracollegiate
extracolumella
extracranial
extracystic
extracerebral
extracellular
extracellularly
extrachromosomal
extrinsic
extrinsication
extrinsicate
extrinsical
extrinsicality
extrinsicalness
extrinsically
extricating
extrication
extrications
extricate
extricated
extricates
extricably
extricable
extrusory
extrusive
extrusion
extrusions
extrusile
extrusible
extruct
extruding
extrudability
extrudable
extrude
extruder
extruders
extrudes
extruded
extrorsal
extrorse
extrorsely
extropical
extromit
extroversive
extroversively
extroversion
extrovert
extroverted
extrovertedness
extroverts
extrovertish
extrovertive
extrovertively
extrospect
extrospective
extrospection
extroitive
extend
extends
extendlessness
extendability
extendable
extender
extenders
extended
extendedness
extendedly
extendible
extendibility
extending
extent
extentions
extents
extensure
extensum
extense
extensile
extensible
extensibleness
extensibility
extensivity
extensive
extensiveness
extensively
extensity
extension
extensionist
extensionless
extensions
extensional
extensionally
extensionality
extensionalism
extensimeter
extensor
extensory
extensors
extensometer
extenuation
extenuations
extenuating
extenuatingly
extenuative
extenuator
extenuatory
extenuate
extenuated
extenuates
extempory
extemporaneity
extemporaneous
extemporaneousness
extemporaneously
extemporal
extemporalness
extemporally
extemporary
extemporariness
extemporarily
extemporize
extemporized
extemporizer
extemporizes
extemporization
extemporizing
extemporisation
extemporising
extemporise
extemporiser
extemporised
extempore
exter
exterraneous
exterritorial
exterritoriality
exterritorialize
exterritorially
exterrestrial
extersive
extern
externization
externize
externity
externe
externes
externa
externat
externate
externation
external
externalise
externalised
externalism
externalisation
externalist
externalistic
externalising
externalization
externalizing
externalize
externalizes
externalized
externalities
externality
externally
externals
externalness
externomedian
externs
externship
externum
exteroceptist
exteroceptive
exteroceptor
exterous
exterminative
extermination
exterminations
exterminating
exterminator
exterminators
exterminatory
exterminatress
exterminatrix
exterminate
exterminates
exterminated
exterminable
extermine
extermined
exterminist
extermining
exterior
exterioration
exteriorate
exteriors
exteriorness
exteriorly
exteriority
exteriorising
exteriorisation
exteriorise
exteriorised
exteriorization
exteriorize
exteriorized
exteriorizing
extg
extubate
extubation
extuberate
extuberant
extuberance
extund
exturb
extumescence
extusion
extinguish
extinguished
extinguishes
extinguisher
extinguishers
extinguishing
extinguishable
extinguishant
extinguishment
extinguised
extine
extinct
extincted
extincteur
extinction
extinctionist
extinctions
extincting
extinctive
extincts
extinctor
extirp
extirpation
extirpations
extirpationist
extirpative
extirpating
extirpate
extirpateo
extirpated
extirpates
extirpator
extirpatory
extill
extima
extimulate
extime
extispicy
extispices
extispicious
extispex
extipulate
extypal
extort
extortive
extortion
extortionist
extortionists
extortions
extortionary
extortionate
extortionateness
extortionately
extortioner
extortioners
extorting
extorted
extorter
extorters
extorts
extorsion
extorsive
extorsively
extoolitic
extol
extoled
extolment
extoll
extolls
extollation
extolling
extollingly
extollment
extolled
extoller
extollers
extols
extoling
extogenous
exta
extacie
extance
extancy
extant
extatic
extbook
excipula
excipular
excipulaceae
excipuliform
excipulum
excipule
excipient
exciple
exciples
exciding
excide
excided
excides
excircle
excitate
excitator
excitatory
excitative
excitation
excitations
excitably
excitable
excitableness
excitability
excitabilities
excitancy
excitant
excitants
excitron
exciting
excitingly
excitive
excite
excited
excitedness
excitedly
excites
exciter
exciters
excitement
excitements
excitomotor
excitomotory
excitomotion
excitomuscular
excitometabolic
excitovascular
exciton
excitonic
excitons
excitonutrient
excitoglandular
excitosecretory
excitor
excitors
excitory
excising
excision
excisions
excise
exciseman
excisemanship
excisemen
excised
excises
excisor
excisable
except
excepts
exceptant
exceptor
exceptive
exceptiveness
exceptively
exceptio
exception
exceptionless
exceptional
exceptionality
exceptionalness
exceptionally
exceptionably
exceptionable
exceptionableness
exceptionability
exceptionary
exceptioner
exceptions
exceptious
exceptiousness
excepting
exceptless
excepter
excepted
excepable
excedent
excel
excelling
excellent
excellently
excellencies
excellency
excellence
excellences
excelled
excels
excelsin
excelsior
excelsitude
excelse
excelente
excecation
excecate
excentral
excentric
excentrical
excentricity
excercise
excerebrate
excerebration
excerp
excerpt
excerption
excerptible
excerpting
excerptive
excerpta
excerpter
excerpted
excerpts
excerptor
excern
excess
excessive
excessively
excessiveness
excessmen
excessman
excesses
exceed
exceeds
exceeder
exceeders
exceeded
exceedable
exceeding
exceedingness
exceedingly
excantation
excandescent
excandescence
excandescency
excave
excavator
excavators
excavatory
excavatorial
excavate
excavates
excavated
excavation
excavations
excavationist
excavational
excavating
excaudate
excathedral
excarnate
excarnation
excarnificate
excardination
excamb
excamber
excambion
excalcarate
excalceate
excalceation
excalibur
excalfaction
excalate
excalation
exch
exchange
exchanger
exchangee
exchanged
exchangeability
exchangeably
exchangeable
exchanges
exchanging
exchangite
exchequer
exchequers
excheat
exconjugant
excogitable
excogitating
excogitative
excogitation
excogitate
excogitates
excogitated
excogitator
excortication
excorticating
excorticate
excorticated
excoriator
excoriation
excoriations
excoriating
excoriate
excoriated
excoriates
excoriable
excoecaria
excoct
excoction
excommune
excommunion
excommunicant
excommunicable
excommunicative
excommunicating
excommunication
excommunications
excommunicator
excommunicators
excommunicatory
excommunicate
excommunicates
excommunicated
excommenge
excusative
excusation
excusator
excusatory
excusability
excusable
excusableness
excusably
excusal
excusive
excusively
excusing
excusingly
excuss
excussing
excussio
excussion
excussed
excuse
excuseless
excused
excuses
excuser
excusers
excuseful
excusefully
excur
excursus
excursuses
excursing
excursion
excursions
excursionary
excursional
excursionize
excursionist
excursionists
excursionism
excursioner
excursive
excursiveness
excursively
excursory
excurse
excursed
excurrent
excurved
excurvature
excurvation
excurvate
excurvated
exculpable
exculpate
exculpates
exculpated
exculpatorily
exculpatory
exculpating
exculpation
exculpations
exculpative
excud
excudate
excudit
excuderunt
excubant
excubittoria
excubitoria
excubitorium
excruciator
excruciation
excruciating
excruciatingness
excruciatingly
excruciate
excruciated
excruciable
excreta
excretal
excretory
excretolic
excretive
excreting
excretitious
excretion
excretionary
excretions
excrete
excretes
excreted
excreter
excreters
excresence
excression
excresce
excrescencies
excrescency
excrescence
excrescences
excrescent
excrescently
excrescential
excreation
excrement
excrementize
excrementitious
excrementitiously
excrementitiousness
excrementitial
excrementive
excremental
excrementally
excrementary
excrementous
excrements
excriminate
excl
exclosure
exclaim
exclaiming
exclaimingly
exclaims
exclaimed
exclaimer
exclaimers
exclam
exclamation
exclamations
exclamational
exclamative
exclamatively
exclamatory
exclamatorily
exclave
exclaves
exclaustration
exclusory
exclusivity
exclusivism
exclusivist
exclusivistic
exclusive
exclusively
exclusiveness
exclusion
exclusions
exclusionary
exclusionist
exclusionism
exclusioner
exclude
excluder
excluders
excluded
excludes
excludable
excludability
excluding
excludingly
excludible
excyst
excystation
excystment
excysted
exp
expo
expos
expostulate
expostulates
expostulated
expostulator
expostulatory
expostulating
expostulatingly
expostulation
expostulations
expostulative
expostulatively
exposture
exposable
exposal
exposals
exposit
exposits
exposited
expositor
expositorily
expositoriness
expositorial
expositorially
expositors
expository
expositress
expositing
expositive
expositively
exposition
expositions
expositional
expositionary
exposing
expose
exposed
exposedness
exposes
exposer
exposers
exposure
exposures
expoliate
expolish
expound
expounding
expoundable
expounds
expounder
expounders
expounded
export
exportability
exportable
exportation
exportations
exports
exporter
exporters
exported
exporting
exponible
expone
exponence
exponency
exponent
exponents
exponention
exponential
exponentially
exponentials
exponentiate
exponentiates
exponentiated
exponentiation
exponentiations
exponentiating
expy
expurgative
expurgation
expurgational
expurgations
expurgating
expurgator
expurgatorial
expurgators
expurgatory
expurgate
expurgates
expurgated
expurge
expuition
expugn
expugnable
expulse
expulses
expulser
expulsed
expulsatory
expulsion
expulsions
expulsionist
expulsive
expulsing
expulsory
expunging
expunge
expunger
expungers
expungement
expungeable
expunged
expunges
expunction
explodable
explode
explodent
exploded
explodes
exploder
exploders
exploding
explosible
explosibility
explosion
explosions
explosionist
explosimeter
explosive
explosively
explosives
explosiveness
explorator
exploratory
explorative
explorativeness
exploratively
exploration
explorations
explorational
explorate
explorable
exploring
exploringly
explore
explores
explored
explorer
explorers
explorement
exploit
exploiting
exploitive
exploitatory
exploitative
exploitatively
exploitation
exploitations
exploitationist
exploitage
exploitable
exploits
exploiture
exploitee
exploiter
exploiters
exploited
explanator
explanatory
explanatoriness
explanatorily
explanation
explanations
explanative
explanatively
explanate
explant
explanting
explants
explantation
explanted
explanitory
explait
explain
explaining
explainingly
explainable
explainableness
explainability
explains
explainer
explainers
explained
explat
explement
explementary
explemental
explees
explete
expletory
expletive
expletively
expletives
expletiveness
explida
explicate
explicated
explicates
explication
explications
explicating
explicative
explicatively
explicator
explicators
explicatory
explicantia
explicans
explicandum
explicanda
explicably
explicable
explicableness
explicability
explicit
explicits
explicitness
explicitly
express
expressure
expressless
expressly
expressage
expressable
expressway
expressways
expresso
expressor
expressmen
expressman
expressness
expressed
expresser
expresses
expressing
expressibility
expressibly
expressible
expressive
expressiveness
expressively
expressivity
expressivism
expressio
expression
expressions
expressionless
expressionlessly
expressionlessness
expressionful
expressional
expressionable
expressionist
expressionists
expressionistic
expressionistically
expressionism
expreme
exprimable
expromissor
expromission
exprobratory
exprobrate
exprobration
exprobate
expropriator
expropriatory
expropriation
expropriations
expropriating
expropriate
expropriates
expropriated
expropriable
expwy
expiatist
expiation
expiations
expiational
expiative
expiating
expiate
expiates
expiated
expiator
expiatoriness
expiatory
expiators
expiable
expilator
expilation
expilate
expiscate
expiscated
expiscator
expiscatory
expiscation
expiscating
expiring
expiringly
expiries
expiry
expire
expires
expired
expirer
expirers
expiree
expirate
expirator
expiratory
expiration
expirations
expirable
expirant
expenthesis
expense
expensed
expenseful
expensefulness
expensefully
expenseless
expenselessness
expenses
expensive
expensively
expensiveness
expensing
expensilation
expend
expender
expenders
expended
expends
expending
expenditure
expenditures
expenditrix
expenditor
expendible
expendable
expendables
expendability
expel
expels
expellable
expellant
expellee
expellees
expeller
expellers
expellent
expelled
expelling
expede
expeded
expediate
expeding
expedition
expeditions
expeditionist
expeditionary
expeditious
expeditiously
expeditiousness
expeditive
expediting
expedite
expediter
expediters
expeditely
expediteness
expedited
expedites
expeditation
expeditating
expeditate
expeditated
expeditor
expediency
expedience
expediences
expediencies
expedient
expedientist
expediential
expedientially
expedients
expediently
expediente
expediment
expect
expects
expective
expection
expecting
expectingly
expectative
expectation
expectations
expectably
expectable
expectant
expectantly
expectancy
expectancies
expectance
expectorant
expectorants
expectorator
expectorators
expectoration
expectorations
expectorating
expectorative
expectorate
expectorated
expectorates
expecter
expecters
expected
expectedness
expectedly
expetible
experrection
expermentized
expergefacient
expergefaction
expert
experted
expertly
experts
expertship
experting
expertizing
expertize
expertized
expertise
expertised
expertism
expertising
expertness
experient
experiential
experientialist
experientialistic
experientialism
experientially
experience
experienced
experiencer
experienceless
experiences
experienceable
experiencing
experiencible
experiment
experimentor
experimently
experimenter
experimenters
experimentee
experimented
experimentator
experimentation
experimentations
experimentative
experimental
experimentally
experimentalist
experimentalists
experimentalism
experimentalize
experimentarian
experimentize
experimentist
experimenting
experiments
expdt
expt
exptl
expalpate
expatiate
expatiated
expatiates
expatiater
expatiator
expatiators
expatiatory
expatiation
expatiations
expatiative
expatiating
expatiatingly
expatriating
expatriatism
expatriation
expatriations
expatriate
expatriated
expatriates
expansure
expansum
expanse
expanses
expansometer
expansion
expansionary
expansional
expansionist
expansionists
expansionistic
expansionism
expansions
expansile
expansibly
expansible
expansibleness
expansibility
expansive
expansiveness
expansively
expansivity
expand
expandable
expandability
expands
expander
expanders
expanded
expandedly
expandedness
expanding
expandingly
expandibility
expandible
exhort
exhorted
exhorter
exhorters
exhorts
exhorting
exhortingly
exhortative
exhortatively
exhortation
exhortations
exhortator
exhortatory
exhibit
exhibitor
exhibitors
exhibitorship
exhibitorial
exhibitory
exhibitive
exhibitively
exhibition
exhibitionize
exhibitionism
exhibitionist
exhibitionists
exhibitionistic
exhibitioner
exhibitional
exhibitions
exhibiting
exhibiter
exhibiters
exhibited
exhibitant
exhibitable
exhibits
exhilarant
exhilarate
exhilarates
exhilarated
exhilarator
exhilaratory
exhilarating
exhilaratingly
exhilaration
exhilarative
exhuming
exhume
exhumer
exhumers
exhumed
exhumes
exhumate
exhumated
exhumator
exhumatory
exhumating
exhumation
exhumations
exhusband
exhedra
exhedrae
exheredation
exheredate
exhbn
exhance
exhalation
exhalations
exhalatory
exhalate
exhalable
exhalant
exhalants
exhaling
exhale
exhalent
exhalents
exhales
exhaled
exhaust
exhaustless
exhaustlessly
exhaustlessness
exhausts
exhauster
exhausted
exhaustedness
exhaustedly
exhaustable
exhaustive
exhaustiveness
exhaustively
exhaustivity
exhaustibility
exhaustible
exhausting
exhaustingly
exhaustion
exmeridian
exmoor
eximidus
eximious
eximiousness
eximiously
exinanite
exinanition
exintine
exindusiate
exinite
exing
exinguinal
exine
exines
exist
existed
exister
existent
existently
existential
existentially
existentialize
existentialist
existentialists
existentialistic
existentialistically
existentialism
existents
existence
existences
existant
existability
existless
existlessness
existimation
existible
existibility
existing
exists
exile
exilement
exiles
exiled
exiledom
exiler
exilable
exilarch
exilarchate
exilition
exility
exiling
exilian
exilic
exies
exigent
exigently
exigenter
exigence
exigences
exigency
exigencies
exigeant
exigeante
exiguous
exiguousness
exiguously
exiguity
exiguities
exigible
exibilate
exit
exitance
exiture
exitus
exite
exited
exiting
exitial
exitious
exition
exits
exion
exquisitism
exquisitive
exquisitively
exquisitiveness
exquisite
exquisitely
exquisiteness
exquire
exgorgitation
exolve
exolution
exolete
exolemma
exoarteritis
exoascus
exoascales
exoascaceous
exoascaceae
exon
exonship
exonuclease
exoneural
exoner
exoneretur
exonerating
exoneration
exonerations
exonerative
exonerate
exonerates
exonerated
exonerator
exonerators
exonian
exonym
exonarthex
exobasidium
exobasidiaceae
exobasidiales
exobiologist
exobiologists
exobiological
exobiology
exocolitis
exocoetus
exocoetidae
exocoelom
exocoelum
exocoelic
exocoele
exocoelar
exocone
exoculation
exoculating
exoculate
exoculated
exocrine
exocrines
exocrinology
exocrinologies
exochorion
exochorda
exocentric
exocannibalism
exocataphoria
exocarp
exocarps
exocardia
exocardial
exocardiac
exoclinal
exocline
exocytosis
exocycloida
exocyclic
exocyclica
exoccipital
exodus
exoduses
exodic
exodium
exodist
exode
exoderm
exodermis
exoderms
exodermal
exody
exodontic
exodontics
exodontist
exodontia
exodoi
exodos
exodromic
exodromy
exothermous
exothermic
exothermically
exothermicity
exothermal
exothermally
exothecium
exotheca
exothecate
exothecal
exotism
exotisms
exotic
exotica
exoticalness
exotically
exoticness
exoticity
exoticist
exoticism
exotics
exotropism
exotropia
exotropic
exoteric
exoterics
exoterica
exoterical
exoterically
exotericism
exotery
exotospore
exotoxin
exotoxins
exotoxic
exoskeleton
exoskeletal
exostotic
exostosis
exostosed
exostoses
exostome
exostema
exostra
exostrae
exostracism
exostracize
exosepsis
exosmic
exosmose
exosmoses
exosmosis
exosmotic
exosseous
exossate
exosculation
exosphere
exospheres
exospheric
exospherical
exosperm
exosporium
exosporous
exospore
exospores
exosporal
exomphalus
exomphalos
exomphalous
exomion
exomis
exomorphic
exomorphism
exomologesis
exometritis
exor
exorbitance
exorbitancy
exorbitant
exorbitantly
exorbital
exorbitate
exorbitation
exorhason
exorganic
exortion
exorate
exorable
exorableness
exorability
exordium
exordiums
exordize
exordia
exordial
exornate
exornation
exormia
exorcizing
exorcize
exorcizes
exorcizement
exorcized
exorcizer
exorcization
exorcisation
exorcising
exorcise
exorciser
exorcisers
exorcises
exorcisement
exorcised
exorcism
exorcismal
exorcisms
exorcist
exorcists
exorcista
exorcistic
exorcistical
exorcisory
exopt
exopterygotous
exopterygotism
exopterygotic
exopterygota
exopterygote
exopod
exopoditic
exopodite
exoplasm
exopeptidase
exoperidium
exopathic
exophthalmic
exophthalmia
exophthalmus
exophthalmos
exophoric
exophoria
exophasic
exophasia
exophagy
exophagous
exoenzymic
exoenzyme
exoerythrocytic
exoergic
exograph
exogen
exogenism
exogenic
exogenous
exogenously
exogenae
exogenetic
exogeny
exogens
exogyra
exogonium
exognathion
exognathite
exogastric
exogastrically
exogastritis
exogamies
exogamic
exogamous
exogamy
exes
exestuate
exesion
exercitation
exercitant
exercitor
exercitorian
exercitorial
exercite
exercisable
exercising
exercise
exercised
exercises
exerciser
exercisers
exerce
exercent
exergonic
exergue
exergues
exergual
exeresis
exert
exerted
exerts
exertion
exertions
exertionless
exertive
exerting
exendospermous
exendospermic
exencephalus
exencephalous
exencephalic
exencephalia
exenteritis
exenteration
exenterating
exenterate
exenterated
exec
execrably
execrable
execrableness
execrating
execration
execrations
execrative
execratively
execrate
execrates
execrated
execrator
execratory
execrators
exect
executor
executors
executorship
executorial
executory
executonis
execute
executed
executes
executer
executers
executable
executant
executancy
execution
executioneering
executioner
executioners
executioneress
executions
executionist
executional
executing
executive
executives
executiveship
executively
executiveness
executrix
executrixship
executrixes
executrices
executress
executry
execeptional
execs
exedra
exedrae
exedral
exede
exedent
exequies
exequial
exequatur
exequy
exeat
exeunt
exembryonate
exempt
exemption
exemptions
exemptionist
exempting
exemptible
exemptile
exemptive
exempts
exempted
exempli
exemplificative
exemplification
exemplifications
exemplificational
exemplificator
exemplifiable
exemplifies
exemplified
exemplifier
exemplifiers
exemplify
exemplifying
exempla
exemplar
exemplary
exemplariness
exemplarily
exemplarity
exemplaric
exemplarism
exemplars
exemplum
exemplupla
exegete
exegetes
exegetic
exegetics
exegetical
exegetically
exegetist
exegesis
exegesist
exegeses
exfiltrate
exfiltration
exfiguration
exfigure
exfetation
exflect
exflagellation
exflagellate
exfoliatory
exfoliating
exfoliation
exfoliative
exfoliate
exfoliated
exfodiate
exfodiation
exr
exradio
exradius
exrupeal
exrx
exxon
exuperable
exuding
exude
exudes
exudence
exuded
exudate
exudates
exudatory
exudation
exudations
exudative
exuvium
exuvia
exuvial
exuviae
exuviate
exuviates
exuviated
exuviating
exuviation
exuviability
exuviable
exust
exuscitate
exuccous
exucontian
exungulate
exundate
exundation
exundance
exundancy
exumbrella
exumbrellar
exumbral
exuberancy
exuberance
exuberant
exuberantness
exuberantly
exuberate
exuberated
exuberation
exuberating
exurb
exurbia
exurbias
exurban
exurbanite
exurbanites
exurbs
exurge
exul
exult
exultet
exulted
exulting
exultingly
exults
exultation
exultant
exultantly
exultance
exultancy
exulcerative
exulceration
exulcerating
exulceratory
exulcerate
exulcerated
exulate
exulding
exululate
